<?xml version="1.0" encoding="UTF-8"?>
<!-- Generated by org.testng.reporters.JUnitReportReporter -->
<testsuite skipped="0" hostname="Satish-PC" name="TestNg.DataProviderTest" tests="4" failures="0" timestamp="25 May 2019 12:00:44 GMT" time="0.018" errors="0">
  <testcase name="testcase1" time="0.012" classname="TestNg.DataProviderTest"/>
  <testcase name="testcase1" time="0.002" classname="TestNg.DataProviderTest"/>
  <testcase name="testcase1" time="0.003" classname="TestNg.DataProviderTest"/>
  <testcase name="testcase1" time="0.001" classname="TestNg.DataProviderTest"/>
</testsuite> <!-- TestNg.DataProviderTest -->
