<?xml version="1.0" encoding="UTF-8"?>
<!-- Generated by org.testng.reporters.JUnitReportReporter -->
<testsuite skipped="0" hostname="Satish-PC" name="TestNg.GoogleTest" tests="4" failures="0" timestamp="22 May 2019 16:37:56 GMT" time="69.728" errors="0">
  <testcase name="getLnkText" time="13.083" classname="TestNg.GoogleTest"/>
  <testcase name="getTitle" time="13.975" classname="TestNg.GoogleTest"/>
  <testcase name="m1" time="14.212" classname="TestNg.GoogleTest"/>
  <testcase name="m2" time="28.458" classname="TestNg.GoogleTest"/>
</testsuite> <!-- TestNg.GoogleTest -->
