<?xml version="1.0" encoding="UTF-8"?>
<!-- Generated by org.testng.reporters.JUnitReportReporter -->
<testsuite skipped="0" hostname="Satish-PC" name="TestNgPractice.DataProviderTest" tests="4" failures="0" timestamp="06 Jul 2019 06:33:09 GMT" time="0.033" errors="0">
  <testcase name="testcase1" time="0.004" classname="TestNgPractice.DataProviderTest"/>
  <testcase name="testcase1" time="0.001" classname="TestNgPractice.DataProviderTest"/>
  <testcase name="testcase1" time="0.022" classname="TestNgPractice.DataProviderTest"/>
  <testcase name="testcase1" time="0.006" classname="TestNgPractice.DataProviderTest"/>
</testsuite> <!-- TestNgPractice.DataProviderTest -->
