<?xml version="1.0" encoding="UTF-8"?>
<!-- Generated by org.testng.reporters.JUnitReportReporter -->
<testsuite skipped="0" hostname="Satish-PC" name="TestNg.InvocationCountTest" tests="10" failures="0" timestamp="25 May 2019 07:20:38 GMT" time="0.482" errors="0">
  <testcase name="sum" time="0.001" classname="TestNg.InvocationCountTest"/>
  <testcase name="sum" time="0.077" classname="TestNg.InvocationCountTest"/>
  <testcase name="sum" time="0.188" classname="TestNg.InvocationCountTest"/>
  <testcase name="sum" time="0.006" classname="TestNg.InvocationCountTest"/>
  <testcase name="sum" time="0.005" classname="TestNg.InvocationCountTest"/>
  <testcase name="sum" time="0.077" classname="TestNg.InvocationCountTest"/>
  <testcase name="sum" time="0.001" classname="TestNg.InvocationCountTest"/>
  <testcase name="sum" time="0.116" classname="TestNg.InvocationCountTest"/>
  <testcase name="sum" time="0.006" classname="TestNg.InvocationCountTest"/>
  <testcase name="sum" time="0.005" classname="TestNg.InvocationCountTest"/>
</testsuite> <!-- TestNg.InvocationCountTest -->
