<?xml version="1.0" encoding="UTF-8"?>
<!-- Generated by org.testng.reporters.JUnitReportReporter -->
<testsuite skipped="0" hostname="Satish-PC" name="TestNgPractice.TestNGListenerTest" tests="1" failures="0" timestamp="10 Jun 2019 06:19:01 GMT" time="11.062" errors="0">
  <testcase name="LaunchBrowser" time="11.062" classname="TestNgPractice.TestNGListenerTest"/>
</testsuite> <!-- TestNgPractice.TestNGListenerTest -->
