<?xml version="1.0" encoding="UTF-8"?>
<!-- Generated by org.testng.reporters.JUnitReportReporter -->
<testsuite skipped="0" hostname="Satish-PC" name="TestNg.AssertClassUse_Validation" tests="2" failures="0" timestamp="25 May 2019 07:20:38 GMT" time="28.084" errors="0">
  <testcase name="getGoogleTitle" time="12.647" classname="TestNg.AssertClassUse_Validation"/>
  <testcase name="googleTitleDispyed" time="15.437" classname="TestNg.AssertClassUse_Validation"/>
</testsuite> <!-- TestNg.AssertClassUse_Validation -->
