<?xml version="1.0" encoding="UTF-8"?>
<!-- Generated by org.testng.reporters.JUnitReportReporter -->
<testsuite skipped="0" hostname="Satish-PC" name="TestNg.SampleClass" tests="1" failures="0" timestamp="25 May 2019 11:09:24 GMT" time="0.015" errors="0">
  <testcase name="SampleClass" time="0.015" classname="TestNg.SampleClass"/>
</testsuite> <!-- TestNg.SampleClass -->
