<?xml version="1.0" encoding="UTF-8"?>
<!-- Generated by org.testng.reporters.JUnitReportReporter -->
<testsuite skipped="0" hostname="Satish-PC" name="TestNg.TestNg_Basics_" tests="1" failures="0" timestamp="25 May 2019 07:20:38 GMT" time="0.268" errors="0">
  <testcase name="getGoogleTitle" time="0.268" classname="TestNg.TestNg_Basics_"/>
</testsuite> <!-- TestNg.TestNg_Basics_ -->
