<?xml version="1.0" encoding="UTF-8"?>
<!-- Generated by org.testng.reporters.JUnitReportReporter -->
<testsuite skipped="0" hostname="Satish-PC" name="TestNg.TestNGListenerTest" tests="1" failures="0" timestamp="10 Jun 2019 05:05:59 GMT" time="38.487" errors="0">
  <testcase name="LaunchBrowser" time="38.487" classname="TestNg.TestNGListenerTest"/>
</testsuite> <!-- TestNg.TestNGListenerTest -->
